{"C:\\Users\\adeoy\\OneDrive\\Desktop\\Sholly\\backend-project-2\\src\\app.ts": {"path":"C:\\Users\\adeoy\\OneDrive\\Desktop\\Sholly\\backend-project-2\\src\\app.ts","statementMap":{"0":{"start":{"line":1,"column":0},"end":{"line":1,"column":43}},"1":{"start":{"line":2,"column":0},"end":{"line":2,"column":52}},"2":{"start":{"line":3,"column":0},"end":{"line":3,"column":42}},"3":{"start":{"line":4,"column":0},"end":{"line":4,"column":32}},"4":{"start":{"line":5,"column":0},"end":{"line":5,"column":24}},"5":{"start":{"line":6,"column":0},"end":{"line":6,"column":55}},"6":{"start":{"line":7,"column":0},"end":{"line":7,"column":52}},"7":{"start":{"line":8,"column":0},"end":{"line":8,"column":43}},"8":{"start":{"line":9,"column":0},"end":{"line":9,"column":43}},"9":{"start":{"line":10,"column":0},"end":{"line":10,"column":68}},"10":{"start":{"line":11,"column":0},"end":{"line":11,"column":28}},"11":{"start":{"line":12,"column":0},"end":{"line":12,"column":30}},"12":{"start":{"line":14,"column":21},"end":{"line":14,"column":30}},"13":{"start":{"line":16,"column":0},"end":{"line":16,"column":35}},"14":{"start":{"line":17,"column":0},"end":{"line":17,"column":42}},"15":{"start":{"line":18,"column":0},"end":{"line":25,"column":5}},"16":{"start":{"line":21,"column":4},"end":{"line":21,"column":40}},"17":{"start":{"line":24,"column":4},"end":{"line":24,"column":64}},"18":{"start":{"line":27,"column":0},"end":{"line":27,"column":16}},"19":{"start":{"line":28,"column":0},"end":{"line":28,"column":24}},"20":{"start":{"line":29,"column":0},"end":{"line":29,"column":28}},"21":{"start":{"line":30,"column":0},"end":{"line":30,"column":68}},"22":{"start":{"line":32,"column":0},"end":{"line":32,"column":46}},"23":{"start":{"line":33,"column":0},"end":{"line":33,"column":44}},"24":{"start":{"line":35,"column":0},"end":{"line":35,"column":25}},"25":{"start":{"line":36,"column":0},"end":{"line":36,"column":22}},"26":{"start":{"line":38,"column":0},"end":{"line":42,"column":1}},"27":{"start":{"line":39,"column":2},"end":{"line":41,"column":5}},"28":{"start":{"line":40,"column":4},"end":{"line":40,"column":75}},"29":{"start":{"line":44,"column":0},"end":{"line":44,"column":null}}},"fnMap":{"0":{"name":"(anonymous_10)","decl":{"start":{"line":20,"column":8},"end":{"line":20,"column":11}},"loc":{"start":{"line":20,"column":13},"end":{"line":22,"column":3}}},"1":{"name":"(anonymous_11)","decl":{"start":{"line":23,"column":9},"end":{"line":23,"column":10}},"loc":{"start":{"line":23,"column":19},"end":{"line":25,"column":3}}},"2":{"name":"(anonymous_12)","decl":{"start":{"line":39,"column":19},"end":{"line":39,"column":22}},"loc":{"start":{"line":39,"column":24},"end":{"line":41,"column":3}}}},"branchMap":{"0":{"loc":{"start":{"line":38,"column":0},"end":{"line":42,"column":1}},"type":"if","locations":[{"start":{"line":38,"column":0},"end":{"line":42,"column":1}}]}},"s":{"0":2,"1":2,"2":2,"3":2,"4":2,"5":2,"6":2,"7":2,"8":2,"9":2,"10":2,"11":2,"12":2,"13":2,"14":2,"15":2,"16":2,"17":0,"18":2,"19":2,"20":2,"21":2,"22":2,"23":2,"24":2,"25":2,"26":2,"27":0,"28":0,"29":2},"f":{"0":2,"1":0,"2":0},"b":{"0":[0]}}
,"C:\\Users\\adeoy\\OneDrive\\Desktop\\Sholly\\backend-project-2\\src\\api\\v1\\controllers\\branch.ts": {"path":"C:\\Users\\adeoy\\OneDrive\\Desktop\\Sholly\\backend-project-2\\src\\api\\v1\\controllers\\branch.ts","statementMap":{"0":{"start":{"line":2,"column":0},"end":{"line":2,"column":53}},"1":{"start":{"line":5,"column":13},"end":{"line":42,"column":2}},"2":{"start":{"line":13,"column":36},"end":{"line":13,"column":74}},"3":{"start":{"line":14,"column":4},"end":{"line":14,"column":33}},"4":{"start":{"line":18,"column":40},"end":{"line":18,"column":71}},"5":{"start":{"line":19,"column":4},"end":{"line":19,"column":23}},"6":{"start":{"line":23,"column":43},"end":{"line":23,"column":90}},"7":{"start":{"line":24,"column":4},"end":{"line":28,"column":5}},"8":{"start":{"line":25,"column":6},"end":{"line":25,"column":23}},"9":{"start":{"line":27,"column":6},"end":{"line":27,"column":28}},"10":{"start":{"line":32,"column":50},"end":{"line":32,"column":103}},"11":{"start":{"line":33,"column":4},"end":{"line":33,"column":28}},"12":{"start":{"line":37,"column":52},"end":{"line":37,"column":95}},"13":{"start":{"line":38,"column":4},"end":{"line":40,"column":5}},"14":{"start":{"line":39,"column":6},"end":{"line":39,"column":28}}},"fnMap":{"0":{"name":"(anonymous_0)","decl":{"start":{"line":12,"column":10},"end":{"line":12,"column":15}},"loc":{"start":{"line":12,"column":63},"end":{"line":15,"column":3}}},"1":{"name":"(anonymous_1)","decl":{"start":{"line":17,"column":11},"end":{"line":17,"column":16}},"loc":{"start":{"line":17,"column":64},"end":{"line":20,"column":3}}},"2":{"name":"(anonymous_2)","decl":{"start":{"line":22,"column":14},"end":{"line":22,"column":19}},"loc":{"start":{"line":22,"column":67},"end":{"line":29,"column":3}}},"3":{"name":"(anonymous_3)","decl":{"start":{"line":31,"column":10},"end":{"line":31,"column":15}},"loc":{"start":{"line":31,"column":63},"end":{"line":34,"column":3}}},"4":{"name":"(anonymous_4)","decl":{"start":{"line":36,"column":10},"end":{"line":36,"column":15}},"loc":{"start":{"line":36,"column":63},"end":{"line":41,"column":3}}}},"branchMap":{"0":{"loc":{"start":{"line":24,"column":4},"end":{"line":28,"column":5}},"type":"if","locations":[{"start":{"line":24,"column":4},"end":{"line":28,"column":5}},{"start":{"line":26,"column":11},"end":{"line":28,"column":5}}]},"1":{"loc":{"start":{"line":38,"column":4},"end":{"line":40,"column":5}},"type":"if","locations":[{"start":{"line":38,"column":4},"end":{"line":40,"column":5}}]}},"s":{"0":2,"1":2,"2":11,"3":11,"4":1,"5":1,"6":3,"7":3,"8":2,"9":1,"10":1,"11":1,"12":1,"13":1,"14":1},"f":{"0":11,"1":1,"2":3,"3":1,"4":1},"b":{"0":[2,1],"1":[1]}}
,"C:\\Users\\adeoy\\OneDrive\\Desktop\\Sholly\\backend-project-2\\src\\api\\v1\\controllers\\employee.ts": {"path":"C:\\Users\\adeoy\\OneDrive\\Desktop\\Sholly\\backend-project-2\\src\\api\\v1\\controllers\\employee.ts","statementMap":{"0":{"start":{"line":2,"column":0},"end":{"line":2,"column":56}},"1":{"start":{"line":13,"column":13},"end":{"line":83,"column":2}},"2":{"start":{"line":26,"column":40},"end":{"line":26,"column":79}},"3":{"start":{"line":27,"column":4},"end":{"line":27,"column":35}},"4":{"start":{"line":31,"column":43},"end":{"line":31,"column":75}},"5":{"start":{"line":32,"column":4},"end":{"line":32,"column":24}},"6":{"start":{"line":36,"column":47},"end":{"line":37,"column":null}},"7":{"start":{"line":39,"column":4},"end":{"line":43,"column":5}},"8":{"start":{"line":40,"column":6},"end":{"line":40,"column":25}},"9":{"start":{"line":42,"column":6},"end":{"line":42,"column":28}},"10":{"start":{"line":47,"column":54},"end":{"line":49,"column":null}},"11":{"start":{"line":51,"column":4},"end":{"line":51,"column":30}},"12":{"start":{"line":55,"column":56},"end":{"line":56,"column":null}},"13":{"start":{"line":58,"column":4},"end":{"line":60,"column":5}},"14":{"start":{"line":59,"column":6},"end":{"line":59,"column":28}},"15":{"start":{"line":67,"column":25},"end":{"line":67,"column":35}},"16":{"start":{"line":68,"column":43},"end":{"line":68,"column":87}},"17":{"start":{"line":69,"column":4},"end":{"line":69,"column":24}},"18":{"start":{"line":76,"column":31},"end":{"line":76,"column":41}},"19":{"start":{"line":77,"column":38},"end":{"line":77,"column":72}},"20":{"start":{"line":78,"column":43},"end":{"line":79,"column":null}},"21":{"start":{"line":81,"column":4},"end":{"line":81,"column":24}}},"fnMap":{"0":{"name":"(anonymous_0)","decl":{"start":{"line":25,"column":10},"end":{"line":25,"column":15}},"loc":{"start":{"line":25,"column":63},"end":{"line":28,"column":3}}},"1":{"name":"(anonymous_1)","decl":{"start":{"line":30,"column":11},"end":{"line":30,"column":16}},"loc":{"start":{"line":30,"column":64},"end":{"line":33,"column":3}}},"2":{"name":"(anonymous_2)","decl":{"start":{"line":35,"column":14},"end":{"line":35,"column":19}},"loc":{"start":{"line":35,"column":67},"end":{"line":44,"column":3}}},"3":{"name":"(anonymous_3)","decl":{"start":{"line":46,"column":10},"end":{"line":46,"column":15}},"loc":{"start":{"line":46,"column":63},"end":{"line":52,"column":3}}},"4":{"name":"(anonymous_4)","decl":{"start":{"line":54,"column":10},"end":{"line":54,"column":15}},"loc":{"start":{"line":54,"column":63},"end":{"line":61,"column":3}}},"5":{"name":"(anonymous_5)","decl":{"start":{"line":63,"column":15},"end":{"line":63,"column":20}},"loc":{"start":{"line":66,"column":21},"end":{"line":70,"column":3}}},"6":{"name":"(anonymous_6)","decl":{"start":{"line":72,"column":19},"end":{"line":72,"column":24}},"loc":{"start":{"line":75,"column":21},"end":{"line":82,"column":3}}}},"branchMap":{"0":{"loc":{"start":{"line":39,"column":4},"end":{"line":43,"column":5}},"type":"if","locations":[{"start":{"line":39,"column":4},"end":{"line":43,"column":5}},{"start":{"line":41,"column":11},"end":{"line":43,"column":5}}]},"1":{"loc":{"start":{"line":58,"column":4},"end":{"line":60,"column":5}},"type":"if","locations":[{"start":{"line":58,"column":4},"end":{"line":60,"column":5}}]}},"s":{"0":2,"1":2,"2":7,"3":7,"4":1,"5":1,"6":3,"7":3,"8":2,"9":1,"10":1,"11":1,"12":1,"13":1,"14":1,"15":1,"16":1,"17":1,"18":0,"19":0,"20":0,"21":0},"f":{"0":7,"1":1,"2":3,"3":1,"4":1,"5":1,"6":0},"b":{"0":[2,1],"1":[1]}}
,"C:\\Users\\adeoy\\OneDrive\\Desktop\\Sholly\\backend-project-2\\src\\api\\v1\\models\\branch.ts": {"path":"C:\\Users\\adeoy\\OneDrive\\Desktop\\Sholly\\backend-project-2\\src\\api\\v1\\models\\branch.ts","statementMap":{"0":{"start":{"line":1,"column":0},"end":{"line":1,"column":61}},"1":{"start":{"line":11,"column":46},"end":{"line":27,"column":2}},"2":{"start":{"line":33,"column":0},"end":{"line":42,"column":3}},"3":{"start":{"line":35,"column":4},"end":{"line":40,"column":6}},"4":{"start":{"line":44,"column":13},"end":{"line":44,"column":107}}},"fnMap":{"0":{"name":"(anonymous_9)","decl":{"start":{"line":34,"column":13},"end":{"line":34,"column":14}},"loc":{"start":{"line":34,"column":98},"end":{"line":41,"column":3}}}},"branchMap":{"0":{"loc":{"start":{"line":36,"column":10},"end":{"line":36,"column":46}},"type":"binary-expr","locations":[{"start":{"line":36,"column":10},"end":{"line":36,"column":40}},{"start":{"line":36,"column":44},"end":{"line":36,"column":46}}]}},"s":{"0":2,"1":2,"2":2,"3":109,"4":2},"f":{"0":109},"b":{"0":[109,0]}}
,"C:\\Users\\adeoy\\OneDrive\\Desktop\\Sholly\\backend-project-2\\src\\api\\v1\\models\\employee.ts": {"path":"C:\\Users\\adeoy\\OneDrive\\Desktop\\Sholly\\backend-project-2\\src\\api\\v1\\models\\employee.ts","statementMap":{"0":{"start":{"line":1,"column":0},"end":{"line":1,"column":61}},"1":{"start":{"line":15,"column":50},"end":{"line":47,"column":2}},"2":{"start":{"line":53,"column":0},"end":{"line":68,"column":3}},"3":{"start":{"line":58,"column":4},"end":{"line":66,"column":6}},"4":{"start":{"line":70,"column":13},"end":{"line":71,"column":64}}},"fnMap":{"0":{"name":"(anonymous_9)","decl":{"start":{"line":54,"column":13},"end":{"line":54,"column":null}},"loc":{"start":{"line":57,"column":28},"end":{"line":67,"column":3}}}},"branchMap":{"0":{"loc":{"start":{"line":59,"column":10},"end":{"line":59,"column":46}},"type":"binary-expr","locations":[{"start":{"line":59,"column":10},"end":{"line":59,"column":40}},{"start":{"line":59,"column":44},"end":{"line":59,"column":46}}]}},"s":{"0":2,"1":2,"2":2,"3":34,"4":2},"f":{"0":34},"b":{"0":[34,0]}}
,"C:\\Users\\adeoy\\OneDrive\\Desktop\\Sholly\\backend-project-2\\src\\api\\v1\\routes\\branch.ts": {"path":"C:\\Users\\adeoy\\OneDrive\\Desktop\\Sholly\\backend-project-2\\src\\api\\v1\\routes\\branch.ts","statementMap":{"0":{"start":{"line":1,"column":0},"end":{"line":1,"column":58}},"1":{"start":{"line":2,"column":0},"end":{"line":2,"column":39}},"2":{"start":{"line":3,"column":23},"end":{"line":3,"column":39}},"3":{"start":{"line":67,"column":0},"end":{"line":67,"column":null}},"4":{"start":{"line":85,"column":0},"end":{"line":85,"column":null}},"5":{"start":{"line":110,"column":0},"end":{"line":110,"column":null}},"6":{"start":{"line":148,"column":0},"end":{"line":148,"column":null}},"7":{"start":{"line":169,"column":0},"end":{"line":169,"column":null}},"8":{"start":{"line":171,"column":0},"end":{"line":171,"column":null}}},"fnMap":{},"branchMap":{},"s":{"0":2,"1":2,"2":2,"3":2,"4":2,"5":2,"6":2,"7":2,"8":2},"f":{},"b":{}}
,"C:\\Users\\adeoy\\OneDrive\\Desktop\\Sholly\\backend-project-2\\src\\api\\v1\\routes\\employee.ts": {"path":"C:\\Users\\adeoy\\OneDrive\\Desktop\\Sholly\\backend-project-2\\src\\api\\v1\\routes\\employee.ts","statementMap":{"0":{"start":{"line":1,"column":0},"end":{"line":1,"column":61}},"1":{"start":{"line":2,"column":0},"end":{"line":2,"column":41}},"2":{"start":{"line":3,"column":23},"end":{"line":3,"column":39}},"3":{"start":{"line":73,"column":0},"end":{"line":73,"column":null}},"4":{"start":{"line":100,"column":0},"end":{"line":100,"column":null}},"5":{"start":{"line":144,"column":0},"end":{"line":144,"column":null}},"6":{"start":{"line":162,"column":0},"end":{"line":162,"column":null}},"7":{"start":{"line":187,"column":0},"end":{"line":187,"column":null}},"8":{"start":{"line":231,"column":0},"end":{"line":231,"column":null}},"9":{"start":{"line":252,"column":0},"end":{"line":252,"column":null}},"10":{"start":{"line":254,"column":0},"end":{"line":254,"column":null}}},"fnMap":{},"branchMap":{},"s":{"0":2,"1":2,"2":2,"3":2,"4":2,"5":2,"6":2,"7":2,"8":2,"9":2,"10":2},"f":{},"b":{}}
,"C:\\Users\\adeoy\\OneDrive\\Desktop\\Sholly\\backend-project-2\\src\\api\\v1\\services\\branch.ts": {"path":"C:\\Users\\adeoy\\OneDrive\\Desktop\\Sholly\\backend-project-2\\src\\api\\v1\\services\\branch.ts","statementMap":{"0":{"start":{"line":1,"column":0},"end":{"line":1,"column":64}},"1":{"start":{"line":17,"column":13},"end":{"line":49,"column":2}},"2":{"start":{"line":19,"column":39},"end":{"line":19,"column":66}},"3":{"start":{"line":20,"column":4},"end":{"line":20,"column":34}},"4":{"start":{"line":24,"column":40},"end":{"line":24,"column":66}},"5":{"start":{"line":25,"column":4},"end":{"line":25,"column":20}},"6":{"start":{"line":29,"column":43},"end":{"line":29,"column":73}},"7":{"start":{"line":30,"column":4},"end":{"line":30,"column":18}},"8":{"start":{"line":34,"column":50},"end":{"line":40,"column":null}},"9":{"start":{"line":42,"column":4},"end":{"line":42,"column":25}},"10":{"start":{"line":46,"column":50},"end":{"line":46,"column":89}},"11":{"start":{"line":47,"column":4},"end":{"line":47,"column":25}}},"fnMap":{"0":{"name":"(anonymous_0)","decl":{"start":{"line":18,"column":10},"end":{"line":18,"column":15}},"loc":{"start":{"line":18,"column":69},"end":{"line":21,"column":3}}},"1":{"name":"(anonymous_1)","decl":{"start":{"line":23,"column":11},"end":{"line":23,"column":16}},"loc":{"start":{"line":23,"column":50},"end":{"line":26,"column":3}}},"2":{"name":"(anonymous_2)","decl":{"start":{"line":28,"column":14},"end":{"line":28,"column":19}},"loc":{"start":{"line":28,"column":68},"end":{"line":31,"column":3}}},"3":{"name":"(anonymous_3)","decl":{"start":{"line":33,"column":10},"end":{"line":33,"column":15}},"loc":{"start":{"line":33,"column":98},"end":{"line":43,"column":3}}},"4":{"name":"(anonymous_4)","decl":{"start":{"line":45,"column":10},"end":{"line":45,"column":15}},"loc":{"start":{"line":45,"column":64},"end":{"line":48,"column":3}}}},"branchMap":{},"s":{"0":2,"1":2,"2":11,"3":11,"4":1,"5":1,"6":3,"7":3,"8":1,"9":1,"10":1,"11":1},"f":{"0":11,"1":1,"2":3,"3":1,"4":1},"b":{}}
,"C:\\Users\\adeoy\\OneDrive\\Desktop\\Sholly\\backend-project-2\\src\\api\\v1\\services\\employee.ts": {"path":"C:\\Users\\adeoy\\OneDrive\\Desktop\\Sholly\\backend-project-2\\src\\api\\v1\\services\\employee.ts","statementMap":{"0":{"start":{"line":1,"column":0},"end":{"line":1,"column":70}},"1":{"start":{"line":22,"column":13},"end":{"line":86,"column":2}},"2":{"start":{"line":24,"column":42},"end":{"line":24,"column":73}},"3":{"start":{"line":25,"column":3},"end":{"line":25,"column":35}},"4":{"start":{"line":29,"column":42},"end":{"line":33,"column":5}},"5":{"start":{"line":34,"column":3},"end":{"line":34,"column":20}},"6":{"start":{"line":38,"column":46},"end":{"line":42,"column":5}},"7":{"start":{"line":43,"column":3},"end":{"line":43,"column":19}},"8":{"start":{"line":47,"column":53},"end":{"line":53,"column":null}},"9":{"start":{"line":55,"column":3},"end":{"line":55,"column":26}},"10":{"start":{"line":59,"column":53},"end":{"line":59,"column":94}},"11":{"start":{"line":60,"column":3},"end":{"line":60,"column":26}},"12":{"start":{"line":64,"column":42},"end":{"line":69,"column":7}},"13":{"start":{"line":70,"column":3},"end":{"line":70,"column":20}},"14":{"start":{"line":74,"column":42},"end":{"line":82,"column":5}},"15":{"start":{"line":84,"column":3},"end":{"line":84,"column":20}}},"fnMap":{"0":{"name":"(anonymous_0)","decl":{"start":{"line":23,"column":9},"end":{"line":23,"column":14}},"loc":{"start":{"line":23,"column":74},"end":{"line":26,"column":2}}},"1":{"name":"(anonymous_1)","decl":{"start":{"line":28,"column":10},"end":{"line":28,"column":15}},"loc":{"start":{"line":28,"column":51},"end":{"line":35,"column":2}}},"2":{"name":"(anonymous_2)","decl":{"start":{"line":37,"column":13},"end":{"line":37,"column":18}},"loc":{"start":{"line":37,"column":69},"end":{"line":44,"column":2}}},"3":{"name":"(anonymous_3)","decl":{"start":{"line":46,"column":9},"end":{"line":46,"column":14}},"loc":{"start":{"line":46,"column":101},"end":{"line":56,"column":2}}},"4":{"name":"(anonymous_4)","decl":{"start":{"line":58,"column":9},"end":{"line":58,"column":14}},"loc":{"start":{"line":58,"column":65},"end":{"line":61,"column":2}}},"5":{"name":"(anonymous_5)","decl":{"start":{"line":63,"column":14},"end":{"line":63,"column":19}},"loc":{"start":{"line":63,"column":71},"end":{"line":71,"column":2}}},"6":{"name":"(anonymous_6)","decl":{"start":{"line":73,"column":18},"end":{"line":73,"column":23}},"loc":{"start":{"line":73,"column":81},"end":{"line":85,"column":2}}}},"branchMap":{},"s":{"0":2,"1":2,"2":7,"3":7,"4":1,"5":1,"6":3,"7":3,"8":1,"9":1,"10":1,"11":1,"12":1,"13":1,"14":0,"15":0},"f":{"0":7,"1":1,"2":3,"3":1,"4":1,"5":1,"6":0},"b":{}}
,"C:\\Users\\adeoy\\OneDrive\\Desktop\\Sholly\\backend-project-2\\utils\\config.ts": {"path":"C:\\Users\\adeoy\\OneDrive\\Desktop\\Sholly\\backend-project-2\\utils\\config.ts","statementMap":{"0":{"start":{"line":1,"column":0},"end":{"line":1,"column":28}},"1":{"start":{"line":2,"column":0},"end":{"line":2,"column":16}},"2":{"start":{"line":4,"column":13},"end":{"line":4,"column":57}},"3":{"start":{"line":5,"column":13},"end":{"line":7,"column":36}}},"fnMap":{},"branchMap":{"0":{"loc":{"start":{"line":5,"column":35},"end":{"line":7,"column":35}},"type":"cond-expr","locations":[{"start":{"line":6,"column":6},"end":{"line":6,"column":40}},{"start":{"line":7,"column":6},"end":{"line":7,"column":35}}]},"1":{"loc":{"start":{"line":6,"column":6},"end":{"line":6,"column":40}},"type":"binary-expr","locations":[{"start":{"line":6,"column":6},"end":{"line":6,"column":34}},{"start":{"line":6,"column":38},"end":{"line":6,"column":40}}]},"2":{"loc":{"start":{"line":7,"column":6},"end":{"line":7,"column":35}},"type":"binary-expr","locations":[{"start":{"line":7,"column":6},"end":{"line":7,"column":29}},{"start":{"line":7,"column":33},"end":{"line":7,"column":35}}]}},"s":{"0":2,"1":2,"2":2,"3":2},"f":{},"b":{"0":[2,0],"1":[2,0],"2":[0,0]}}
,"C:\\Users\\adeoy\\OneDrive\\Desktop\\Sholly\\backend-project-2\\utils\\logger.ts": {"path":"C:\\Users\\adeoy\\OneDrive\\Desktop\\Sholly\\backend-project-2\\utils\\logger.ts","statementMap":{"0":{"start":{"line":1,"column":20},"end":{"line":5,"column":1}},"1":{"start":{"line":2,"column":4},"end":{"line":4,"column":5}},"2":{"start":{"line":3,"column":8},"end":{"line":3,"column":31}},"3":{"start":{"line":1,"column":13},"end":{"line":1,"column":20}},"4":{"start":{"line":7,"column":21},"end":{"line":11,"column":1}},"5":{"start":{"line":8,"column":4},"end":{"line":10,"column":5}},"6":{"start":{"line":9,"column":8},"end":{"line":9,"column":33}},"7":{"start":{"line":7,"column":13},"end":{"line":7,"column":21}}},"fnMap":{"0":{"name":"(anonymous_0)","decl":{"start":{"line":1,"column":20},"end":{"line":1,"column":21}},"loc":{"start":{"line":1,"column":51},"end":{"line":5,"column":1}}},"1":{"name":"(anonymous_1)","decl":{"start":{"line":7,"column":21},"end":{"line":7,"column":22}},"loc":{"start":{"line":7,"column":52},"end":{"line":11,"column":1}}}},"branchMap":{"0":{"loc":{"start":{"line":2,"column":4},"end":{"line":4,"column":5}},"type":"if","locations":[{"start":{"line":2,"column":4},"end":{"line":4,"column":5}}]},"1":{"loc":{"start":{"line":8,"column":4},"end":{"line":10,"column":5}},"type":"if","locations":[{"start":{"line":8,"column":4},"end":{"line":10,"column":5}}]}},"s":{"0":2,"1":4,"2":0,"3":2,"4":2,"5":0,"6":0,"7":2},"f":{"0":4,"1":0},"b":{"0":[0],"1":[0]}}
,"C:\\Users\\adeoy\\OneDrive\\Desktop\\Sholly\\backend-project-2\\utils\\middleware.ts": {"path":"C:\\Users\\adeoy\\OneDrive\\Desktop\\Sholly\\backend-project-2\\utils\\middleware.ts","statementMap":{"0":{"start":{"line":2,"column":0},"end":{"line":2,"column":35}},"1":{"start":{"line":4,"column":31},"end":{"line":6,"column":1}},"2":{"start":{"line":5,"column":4},"end":{"line":5,"column":61}},"3":{"start":{"line":4,"column":13},"end":{"line":4,"column":31}},"4":{"start":{"line":8,"column":28},"end":{"line":23,"column":1}},"5":{"start":{"line":14,"column":4},"end":{"line":14,"column":32}},"6":{"start":{"line":16,"column":4},"end":{"line":22,"column":5}},"7":{"start":{"line":17,"column":8},"end":{"line":17,"column":64}},"8":{"start":{"line":18,"column":11},"end":{"line":22,"column":5}},"9":{"start":{"line":19,"column":8},"end":{"line":19,"column":60}},"10":{"start":{"line":21,"column":8},"end":{"line":21,"column":20}},"11":{"start":{"line":8,"column":13},"end":{"line":8,"column":28}}},"fnMap":{"0":{"name":"(anonymous_9)","decl":{"start":{"line":4,"column":31},"end":{"line":4,"column":32}},"loc":{"start":{"line":4,"column":78},"end":{"line":6,"column":1}}},"1":{"name":"(anonymous_10)","decl":{"start":{"line":8,"column":28},"end":{"line":8,"column":null}},"loc":{"start":{"line":13,"column":10},"end":{"line":23,"column":1}}}},"branchMap":{"0":{"loc":{"start":{"line":16,"column":4},"end":{"line":22,"column":5}},"type":"if","locations":[{"start":{"line":16,"column":4},"end":{"line":22,"column":5}},{"start":{"line":18,"column":11},"end":{"line":22,"column":5}}]},"1":{"loc":{"start":{"line":18,"column":11},"end":{"line":22,"column":5}},"type":"if","locations":[{"start":{"line":18,"column":11},"end":{"line":22,"column":5}},{"start":{"line":20,"column":11},"end":{"line":22,"column":5}}]}},"s":{"0":2,"1":2,"2":0,"3":2,"4":2,"5":0,"6":0,"7":0,"8":0,"9":0,"10":0,"11":2},"f":{"0":0,"1":0},"b":{"0":[0,0],"1":[0,0]}}
,"C:\\Users\\adeoy\\OneDrive\\Desktop\\Sholly\\backend-project-2\\utils\\swagger.ts": {"path":"C:\\Users\\adeoy\\OneDrive\\Desktop\\Sholly\\backend-project-2\\utils\\swagger.ts","statementMap":{"0":{"start":{"line":1,"column":0},"end":{"line":1,"column":41}},"1":{"start":{"line":3,"column":38},"end":{"line":48,"column":2}},"2":{"start":{"line":50,"column":53},"end":{"line":50,"column":74}},"3":{"start":{"line":52,"column":0},"end":{"line":52,"column":27}}},"fnMap":{},"branchMap":{},"s":{"0":2,"1":2,"2":2,"3":2},"f":{},"b":{}}
}
