TN:
SF:src\app.ts
FN:20,(anonymous_10)
FN:23,(anonymous_11)
FN:39,(anonymous_12)
FNF:3
FNH:1
FNDA:2,(anonymous_10)
FNDA:0,(anonymous_11)
FNDA:0,(anonymous_12)
DA:1,2
DA:2,2
DA:3,2
DA:4,2
DA:5,2
DA:6,2
DA:7,2
DA:8,2
DA:9,2
DA:10,2
DA:11,2
DA:12,2
DA:14,2
DA:16,2
DA:17,2
DA:18,2
DA:21,2
DA:24,0
DA:27,2
DA:28,2
DA:29,2
DA:30,2
DA:32,2
DA:33,2
DA:35,2
DA:36,2
DA:38,2
DA:39,0
DA:40,0
DA:44,2
LF:30
LH:27
BRDA:38,0,0,0
BRF:1
BRH:0
end_of_record
TN:
SF:src\api\v1\controllers\branch.ts
FN:5,(anonymous_0)
FN:10,(anonymous_1)
FN:15,(anonymous_2)
FN:24,(anonymous_3)
FN:29,(anonymous_4)
FNF:5
FNH:5
FNDA:9,(anonymous_0)
FNDA:1,(anonymous_1)
FNDA:3,(anonymous_2)
FNDA:1,(anonymous_3)
FNDA:1,(anonymous_4)
DA:1,2
DA:4,2
DA:6,9
DA:7,9
DA:11,1
DA:12,1
DA:16,3
DA:17,3
DA:18,2
DA:20,1
DA:25,1
DA:26,1
DA:30,1
DA:31,1
DA:32,1
LF:15
LH:15
BRDA:17,0,0,2
BRDA:17,0,1,1
BRDA:31,1,0,1
BRF:3
BRH:3
end_of_record
TN:
SF:src\api\v1\controllers\employee.ts
FN:13,(anonymous_0)
FN:18,(anonymous_1)
FN:23,(anonymous_2)
FN:32,(anonymous_3)
FN:40,(anonymous_4)
FN:47,(anonymous_5)
FN:53,(anonymous_6)
FNF:7
FNH:5
FNDA:4,(anonymous_0)
FNDA:1,(anonymous_1)
FNDA:3,(anonymous_2)
FNDA:1,(anonymous_3)
FNDA:1,(anonymous_4)
FNDA:0,(anonymous_5)
FNDA:0,(anonymous_6)
DA:1,2
DA:12,2
DA:14,4
DA:15,4
DA:19,1
DA:20,1
DA:24,3
DA:25,3
DA:26,2
DA:28,1
DA:33,1
DA:37,1
DA:41,1
DA:42,1
DA:43,1
DA:48,0
DA:49,0
DA:50,0
DA:54,0
DA:55,0
DA:56,0
DA:57,0
LF:22
LH:15
BRDA:25,0,0,2
BRDA:25,0,1,1
BRDA:42,1,0,1
BRF:3
BRH:3
end_of_record
TN:
SF:src\api\v1\models\branch.ts
FN:19,(anonymous_1)
FNF:1
FNH:1
FNDA:43,(anonymous_1)
DA:1,2
DA:3,2
DA:18,2
DA:20,43
DA:21,43
DA:22,43
DA:26,2
LF:7
LH:7
BRF:0
BRH:0
end_of_record
TN:
SF:src\api\v1\models\employee.ts
FN:31,(anonymous_1)
FNF:1
FNH:1
FNDA:11,(anonymous_1)
DA:1,2
DA:3,2
DA:30,2
DA:32,11
DA:33,11
DA:34,11
DA:38,2
LF:7
LH:7
BRF:0
BRH:0
end_of_record
TN:
SF:src\api\v1\routes\branch.ts
FNF:0
FNH:0
DA:1,2
DA:2,2
DA:3,2
DA:67,2
DA:85,2
DA:110,2
DA:148,2
DA:169,2
DA:171,2
LF:9
LH:9
BRF:0
BRH:0
end_of_record
TN:
SF:src\api\v1\routes\employee.ts
FNF:0
FNH:0
DA:1,2
DA:2,2
DA:3,2
DA:73,2
DA:100,2
DA:144,2
DA:162,2
DA:187,2
DA:231,2
DA:252,2
DA:254,2
LF:11
LH:11
BRF:0
BRH:0
end_of_record
TN:
SF:src\api\v1\services\branch.ts
FN:10,(anonymous_0)
FN:15,(anonymous_1)
FN:20,(anonymous_2)
FN:25,(anonymous_3)
FN:32,(anonymous_4)
FNF:5
FNH:5
FNDA:9,(anonymous_0)
FNDA:1,(anonymous_1)
FNDA:3,(anonymous_2)
FNDA:1,(anonymous_3)
FNDA:1,(anonymous_4)
DA:1,2
DA:9,2
DA:11,9
DA:12,9
DA:16,1
DA:17,1
DA:21,3
DA:22,3
DA:26,1
DA:29,1
DA:33,1
DA:34,1
LF:12
LH:12
BRF:0
BRH:0
end_of_record
TN:
SF:src\api\v1\services\employee.ts
FN:13,(anonymous_0)
FN:18,(anonymous_1)
FN:27,(anonymous_2)
FN:36,(anonymous_3)
FN:43,(anonymous_4)
FN:48,(anonymous_5)
FN:60,(anonymous_6)
FNF:7
FNH:5
FNDA:4,(anonymous_0)
FNDA:1,(anonymous_1)
FNDA:3,(anonymous_2)
FNDA:1,(anonymous_3)
FNDA:1,(anonymous_4)
FNDA:0,(anonymous_5)
FNDA:0,(anonymous_6)
DA:1,2
DA:12,2
DA:14,4
DA:15,4
DA:19,1
DA:24,1
DA:28,3
DA:33,3
DA:37,1
DA:40,1
DA:44,1
DA:45,1
DA:49,0
DA:57,0
DA:61,0
DA:71,0
LF:16
LH:12
BRF:0
BRH:0
end_of_record
TN:
SF:utils\config.ts
FNF:0
FNH:0
DA:1,2
DA:2,2
DA:4,2
DA:5,2
LF:4
LH:4
BRDA:5,0,0,2
BRDA:5,0,1,0
BRDA:6,1,0,2
BRDA:6,1,1,0
BRDA:7,2,0,0
BRDA:7,2,1,0
BRF:6
BRH:2
end_of_record
TN:
SF:utils\logger.ts
FN:1,(anonymous_0)
FN:7,(anonymous_1)
FNF:2
FNH:1
FNDA:4,(anonymous_0)
FNDA:0,(anonymous_1)
DA:1,2
DA:2,4
DA:3,0
DA:7,2
DA:8,0
DA:9,0
LF:6
LH:3
BRDA:2,0,0,0
BRDA:8,1,0,0
BRF:2
BRH:0
end_of_record
TN:
SF:utils\middleware.ts
FN:4,(anonymous_9)
FN:8,(anonymous_10)
FNF:2
FNH:0
FNDA:0,(anonymous_9)
FNDA:0,(anonymous_10)
DA:2,2
DA:4,2
DA:5,0
DA:8,2
DA:14,0
DA:16,0
DA:17,0
DA:18,0
DA:19,0
DA:21,0
LF:10
LH:3
BRDA:16,0,0,0
BRDA:16,0,1,0
BRDA:18,1,0,0
BRDA:18,1,1,0
BRF:4
BRH:0
end_of_record
TN:
SF:utils\swagger.ts
FNF:0
FNH:0
DA:1,2
DA:3,2
DA:50,2
DA:52,2
LF:4
LH:4
BRF:0
BRH:0
end_of_record
