TN:
SF:src\app.ts
FN:20,(anonymous_10)
FN:23,(anonymous_11)
FN:39,(anonymous_12)
FNF:3
FNH:1
FNDA:2,(anonymous_10)
FNDA:0,(anonymous_11)
FNDA:0,(anonymous_12)
DA:1,2
DA:2,2
DA:3,2
DA:4,2
DA:5,2
DA:6,2
DA:7,2
DA:8,2
DA:9,2
DA:10,2
DA:11,2
DA:12,2
DA:14,2
DA:16,2
DA:17,2
DA:18,2
DA:21,2
DA:24,0
DA:27,2
DA:28,2
DA:29,2
DA:30,2
DA:32,2
DA:33,2
DA:35,2
DA:36,2
DA:38,2
DA:39,0
DA:40,0
DA:44,2
LF:30
LH:27
BRDA:38,0,0,0
BRF:1
BRH:0
end_of_record
TN:
SF:src\api\v1\controllers\branch.ts
FN:12,(anonymous_0)
FN:17,(anonymous_1)
FN:22,(anonymous_2)
FN:31,(anonymous_3)
FN:36,(anonymous_4)
FNF:5
FNH:5
FNDA:11,(anonymous_0)
FNDA:1,(anonymous_1)
FNDA:3,(anonymous_2)
FNDA:1,(anonymous_3)
FNDA:1,(anonymous_4)
DA:2,2
DA:5,2
DA:13,11
DA:14,11
DA:18,1
DA:19,1
DA:23,3
DA:24,3
DA:25,2
DA:27,1
DA:32,1
DA:33,1
DA:37,1
DA:38,1
DA:39,1
LF:15
LH:15
BRDA:24,0,0,2
BRDA:24,0,1,1
BRDA:38,1,0,1
BRF:3
BRH:3
end_of_record
TN:
SF:src\api\v1\controllers\employee.ts
FN:25,(anonymous_0)
FN:30,(anonymous_1)
FN:35,(anonymous_2)
FN:46,(anonymous_3)
FN:54,(anonymous_4)
FN:63,(anonymous_5)
FN:72,(anonymous_6)
FNF:7
FNH:6
FNDA:7,(anonymous_0)
FNDA:1,(anonymous_1)
FNDA:3,(anonymous_2)
FNDA:1,(anonymous_3)
FNDA:1,(anonymous_4)
FNDA:1,(anonymous_5)
FNDA:0,(anonymous_6)
DA:2,2
DA:13,2
DA:26,7
DA:27,7
DA:31,1
DA:32,1
DA:36,3
DA:39,3
DA:40,2
DA:42,1
DA:47,1
DA:51,1
DA:55,1
DA:58,1
DA:59,1
DA:67,1
DA:68,1
DA:69,1
DA:76,0
DA:77,0
DA:78,0
DA:81,0
LF:22
LH:18
BRDA:39,0,0,2
BRDA:39,0,1,1
BRDA:58,1,0,1
BRF:3
BRH:3
end_of_record
TN:
SF:src\api\v1\models\branch.ts
FN:34,(anonymous_9)
FNF:1
FNH:1
FNDA:109,(anonymous_9)
DA:1,2
DA:11,2
DA:33,2
DA:35,109
DA:44,2
LF:5
LH:5
BRDA:36,0,0,109
BRDA:36,0,1,0
BRF:2
BRH:1
end_of_record
TN:
SF:src\api\v1\models\employee.ts
FN:54,(anonymous_9)
FNF:1
FNH:1
FNDA:34,(anonymous_9)
DA:1,2
DA:15,2
DA:53,2
DA:58,34
DA:70,2
LF:5
LH:5
BRDA:59,0,0,34
BRDA:59,0,1,0
BRF:2
BRH:1
end_of_record
TN:
SF:src\api\v1\routes\branch.ts
FNF:0
FNH:0
DA:1,2
DA:2,2
DA:3,2
DA:67,2
DA:85,2
DA:110,2
DA:148,2
DA:169,2
DA:171,2
LF:9
LH:9
BRF:0
BRH:0
end_of_record
TN:
SF:src\api\v1\routes\employee.ts
FNF:0
FNH:0
DA:1,2
DA:2,2
DA:3,2
DA:73,2
DA:100,2
DA:144,2
DA:162,2
DA:187,2
DA:231,2
DA:252,2
DA:254,2
LF:11
LH:11
BRF:0
BRH:0
end_of_record
TN:
SF:src\api\v1\services\branch.ts
FN:18,(anonymous_0)
FN:23,(anonymous_1)
FN:28,(anonymous_2)
FN:33,(anonymous_3)
FN:45,(anonymous_4)
FNF:5
FNH:5
FNDA:11,(anonymous_0)
FNDA:1,(anonymous_1)
FNDA:3,(anonymous_2)
FNDA:1,(anonymous_3)
FNDA:1,(anonymous_4)
DA:1,2
DA:17,2
DA:19,11
DA:20,11
DA:24,1
DA:25,1
DA:29,3
DA:30,3
DA:34,1
DA:42,1
DA:46,1
DA:47,1
LF:12
LH:12
BRF:0
BRH:0
end_of_record
TN:
SF:src\api\v1\services\employee.ts
FN:23,(anonymous_0)
FN:28,(anonymous_1)
FN:37,(anonymous_2)
FN:46,(anonymous_3)
FN:58,(anonymous_4)
FN:63,(anonymous_5)
FN:73,(anonymous_6)
FNF:7
FNH:6
FNDA:7,(anonymous_0)
FNDA:1,(anonymous_1)
FNDA:3,(anonymous_2)
FNDA:1,(anonymous_3)
FNDA:1,(anonymous_4)
FNDA:1,(anonymous_5)
FNDA:0,(anonymous_6)
DA:1,2
DA:22,2
DA:24,7
DA:25,7
DA:29,1
DA:34,1
DA:38,3
DA:43,3
DA:47,1
DA:55,1
DA:59,1
DA:60,1
DA:64,1
DA:70,1
DA:74,0
DA:84,0
LF:16
LH:14
BRF:0
BRH:0
end_of_record
TN:
SF:utils\config.ts
FNF:0
FNH:0
DA:1,2
DA:2,2
DA:4,2
DA:5,2
LF:4
LH:4
BRDA:5,0,0,2
BRDA:5,0,1,0
BRDA:6,1,0,2
BRDA:6,1,1,0
BRDA:7,2,0,0
BRDA:7,2,1,0
BRF:6
BRH:2
end_of_record
TN:
SF:utils\logger.ts
FN:1,(anonymous_0)
FN:7,(anonymous_1)
FNF:2
FNH:1
FNDA:4,(anonymous_0)
FNDA:0,(anonymous_1)
DA:1,2
DA:2,4
DA:3,0
DA:7,2
DA:8,0
DA:9,0
LF:6
LH:3
BRDA:2,0,0,0
BRDA:8,1,0,0
BRF:2
BRH:0
end_of_record
TN:
SF:utils\middleware.ts
FN:4,(anonymous_9)
FN:8,(anonymous_10)
FNF:2
FNH:0
FNDA:0,(anonymous_9)
FNDA:0,(anonymous_10)
DA:2,2
DA:4,2
DA:5,0
DA:8,2
DA:14,0
DA:16,0
DA:17,0
DA:18,0
DA:19,0
DA:21,0
LF:10
LH:3
BRDA:16,0,0,0
BRDA:16,0,1,0
BRDA:18,1,0,0
BRDA:18,1,1,0
BRF:4
BRH:0
end_of_record
TN:
SF:utils\swagger.ts
FNF:0
FNH:0
DA:1,2
DA:3,2
DA:50,2
DA:52,2
LF:4
LH:4
BRF:0
BRH:0
end_of_record
